# JRE version: Java(TM) SE Runtime Environment (8.0_77-b03) (build 1.8.0_77-b03)
# Java VM: Java HotSpot(TM) 64-Bit Server VM (25.77-b03 mixed mode linux-amd64 compressed oops)
Heap:
 PSYoungGen      total 568320K, used 70902K [0x0000000780000000, 0x00000007b6f80000, 0x00000007c0000000)
  eden space 424960K, 0% used [0x0000000780000000,0x0000000780000000,0x0000000799f00000)
  from space 143360K, 49% used [0x0000000799f00000,0x000000079e43d890,0x00000007a2b00000)
  to   space 150016K, 0% used [0x00000007add00000,0x00000007add00000,0x00000007b6f80000)
 ParOldGen       total 505344K, used 504874K [0x0000000700000000, 0x000000071ed80000, 0x0000000780000000)
  object space 505344K, 99% used [0x0000000700000000,0x000000071ed0a908,0x000000071ed80000)
 Metaspace       used 15230K, capacity 15462K, committed 15744K, reserved 1062912K
  class space    used 1742K, capacity 1805K, committed 1920K, reserved 1048576K
GC Heap History (10 events):
Event: 173,443 GC heap after
Heap after GC invocations=15 (full 3):
 PSYoungGen      total 412672K, used 87550K [0x0000000780000000, 0x00000007abf80000, 0x00000007c0000000)
  eden space 325120K, 0% used [0x0000000780000000,0x0000000780000000,0x0000000793d80000)
  from space 87552K, 99% used [0x000000079cc00000,0x00000007a217fa90,0x00000007a2180000)
  to   space 145920K, 0% used [0x0000000793d80000,0x0000000793d80000,0x000000079cc00000)
 ParOldGen       total 352768K, used 350981K [0x0000000700000000, 0x0000000715880000, 0x0000000780000000)
  object space 352768K, 99% used [0x0000000700000000,0x00000007156c1480,0x0000000715880000)
 Metaspace       used 15228K, capacity 15462K, committed 15744K, reserved 1062912K
  class space    used 1741K, capacity 1805K, committed 1920K, reserved 1048576K
}
Event: 173,443 GC heap before
{Heap before GC invocations=16 (full 4):
 PSYoungGen      total 412672K, used 87550K [0x0000000780000000, 0x00000007abf80000, 0x00000007c0000000)
  eden space 325120K, 0% used [0x0000000780000000,0x0000000780000000,0x0000000793d80000)
  from space 87552K, 99% used [0x000000079cc00000,0x00000007a217fa90,0x00000007a2180000)
  to   space 145920K, 0% used [0x0000000793d80000,0x0000000793d80000,0x000000079cc00000)
 ParOldGen       total 352768K, used 350981K [0x0000000700000000, 0x0000000715880000, 0x0000000780000000)
  object space 352768K, 99% used [0x0000000700000000,0x00000007156c1480,0x0000000715880000)
 Metaspace       used 15228K, capacity 15462K, committed 15744K, reserved 1062912K
  class space    used 1741K, capacity 1805K, committed 1920K, reserved 1048576K
Event: 174,932 GC heap after
Heap after GC invocations=16 (full 4):
 PSYoungGen      total 412672K, used 0K [0x0000000780000000, 0x00000007abf80000, 0x00000007c0000000)
  eden space 325120K, 0% used [0x0000000780000000,0x0000000780000000,0x0000000793d80000)
  from space 87552K, 0% used [0x000000079cc00000,0x000000079cc00000,0x00000007a2180000)
  to   space 145920K, 0% used [0x0000000793d80000,0x0000000793d80000,0x000000079cc00000)
 ParOldGen       total 505344K, used 331937K [0x0000000700000000, 0x000000071ed80000, 0x0000000780000000)
  object space 505344K, 65% used [0x0000000700000000,0x0000000714428578,0x000000071ed80000)
 Metaspace       used 15228K, capacity 15462K, committed 15744K, reserved 1062912K
  class space    used 1741K, capacity 1805K, committed 1920K, reserved 1048576K
}
Event: 176,589 GC heap before
{Heap before GC invocations=17 (full 4):
 PSYoungGen      total 412672K, used 325120K [0x0000000780000000, 0x00000007abf80000, 0x00000007c0000000)
  eden space 325120K, 100% used [0x0000000780000000,0x0000000793d80000,0x0000000793d80000)
  from space 87552K, 0% used [0x000000079cc00000,0x000000079cc00000,0x00000007a2180000)
  to   space 145920K, 0% used [0x0000000793d80000,0x0000000793d80000,0x000000079cc00000)
 ParOldGen       total 505344K, used 331937K [0x0000000700000000, 0x000000071ed80000, 0x0000000780000000)
  object space 505344K, 65% used [0x0000000700000000,0x0000000714428578,0x000000071ed80000)
 Metaspace       used 15229K, capacity 15462K, committed 15744K, reserved 1062912K
  class space    used 1741K, capacity 1805K, committed 1920K, reserved 1048576K
Event: 176,647 GC heap after
Heap after GC invocations=17 (full 4):
 PSYoungGen      total 471040K, used 74176K [0x0000000780000000, 0x00000007ab880000, 0x00000007c0000000)
  eden space 325120K, 0% used [0x0000000780000000,0x0000000780000000,0x0000000793d80000)
  from space 145920K, 50% used [0x0000000793d80000,0x00000007985f0000,0x000000079cc00000)
  to   space 144896K, 0% used [0x00000007a2b00000,0x00000007a2b00000,0x00000007ab880000)
 ParOldGen       total 505344K, used 331937K [0x0000000700000000, 0x000000071ed80000, 0x0000000780000000)
  object space 505344K, 65% used [0x0000000700000000,0x0000000714428578,0x000000071ed80000)
 Metaspace       used 15229K, capacity 15462K, committed 15744K, reserved 1062912K
  class space    used 1741K, capacity 1805K, committed 1920K, reserved 1048576K
}
Event: 177,629 GC heap before
{Heap before GC invocations=18 (full 4):
 PSYoungGen      total 471040K, used 399296K [0x0000000780000000, 0x00000007ab880000, 0x00000007c0000000)
  eden space 325120K, 100% used [0x0000000780000000,0x0000000793d80000,0x0000000793d80000)
  from space 145920K, 50% used [0x0000000793d80000,0x00000007985f0000,0x000000079cc00000)
  to   space 144896K, 0% used [0x00000007a2b00000,0x00000007a2b00000,0x00000007ab880000)
 ParOldGen       total 505344K, used 331937K [0x0000000700000000, 0x000000071ed80000, 0x0000000780000000)
  object space 505344K, 65% used [0x0000000700000000,0x0000000714428578,0x000000071ed80000)
 Metaspace       used 15229K, capacity 15462K, committed 15744K, reserved 1062912K
  class space    used 1741K, capacity 1805K, committed 1920K, reserved 1048576K
Event: 178,036 GC heap after
Heap after GC invocations=18 (full 4):
 PSYoungGen      total 569856K, used 74592K [0x0000000780000000, 0x00000007adb80000, 0x00000007c0000000)
  eden space 424960K, 0% used [0x0000000780000000,0x0000000780000000,0x0000000799f00000)
  from space 144896K, 51% used [0x00000007a2b00000,0x00000007a73d8000,0x00000007ab880000)
  to   space 143360K, 0% used [0x0000000799f00000,0x0000000799f00000,0x00000007a2b00000)
 ParOldGen       total 505344K, used 405963K [0x0000000700000000, 0x000000071ed80000, 0x0000000780000000)
  object space 505344K, 80% used [0x0000000700000000,0x0000000718c72ee8,0x000000071ed80000)
 Metaspace       used 15229K, capacity 15462K, committed 15744K, reserved 1062912K
  class space    used 1741K, capacity 1805K, committed 1920K, reserved 1048576K
}
Event: 185,852 GC heap before
{Heap before GC invocations=19 (full 4):
 PSYoungGen      total 569856K, used 499552K [0x0000000780000000, 0x00000007adb80000, 0x00000007c0000000)
  eden space 424960K, 100% used [0x0000000780000000,0x0000000799f00000,0x0000000799f00000)
  from space 144896K, 51% used [0x00000007a2b00000,0x00000007a73d8000,0x00000007ab880000)
  to   space 143360K, 0% used [0x0000000799f00000,0x0000000799f00000,0x00000007a2b00000)
 ParOldGen       total 505344K, used 405963K [0x0000000700000000, 0x000000071ed80000, 0x0000000780000000)
  object space 505344K, 80% used [0x0000000700000000,0x0000000718c72ee8,0x000000071ed80000)
 Metaspace       used 15230K, capacity 15462K, committed 15744K, reserved 1062912K
  class space    used 1742K, capacity 1805K, committed 1920K, reserved 1048576K
Event: 187,685 GC heap after
Heap after GC invocations=19 (full 4):
 PSYoungGen      total 568320K, used 96864K [0x0000000780000000, 0x00000007b6f80000, 0x00000007c0000000)
  eden space 424960K, 0% used [0x0000000780000000,0x0000000780000000,0x0000000799f00000)
  from space 143360K, 67% used [0x0000000799f00000,0x000000079fd98000,0x00000007a2b00000)
  to   space 150016K, 0% used [0x00000007add00000,0x00000007add00000,0x00000007b6f80000)
 ParOldGen       total 505344K, used 480316K [0x0000000700000000, 0x000000071ed80000, 0x0000000780000000)
  object space 505344K, 95% used [0x0000000700000000,0x000000071d50f1c8,0x000000071ed80000)
 Metaspace       used 15230K, capacity 15462K, committed 15744K, reserved 1062912K
  class space    used 1742K, capacity 1805K, committed 1920K, reserved 1048576K
}
Event: 187,950 GC heap before
{Heap before GC invocations=20 (full 5):
 PSYoungGen      total 568320K, used 96864K [0x0000000780000000, 0x00000007b6f80000, 0x00000007c0000000)
  eden space 424960K, 0% used [0x0000000780000000,0x0000000780000000,0x0000000799f00000)
  from space 143360K, 67% used [0x0000000799f00000,0x000000079fd98000,0x00000007a2b00000)
  to   space 150016K, 0% used [0x00000007add00000,0x00000007add00000,0x00000007b6f80000)
 ParOldGen       total 505344K, used 480316K [0x0000000700000000, 0x000000071ed80000, 0x0000000780000000)
  object space 505344K, 95% used [0x0000000700000000,0x000000071d50f1c8,0x000000071ed80000)
 Metaspace       used 15230K, capacity 15462K, committed 15744K, reserved 1062912K
  class space    used 1742K, capacity 1805K, committed 1920K, reserved 1048576K

